<?xml version="1.0" encoding="UTF-8"?>
<!-- Generated by org.testng.reporters.JUnitReportReporter -->
<testsuite skipped="0" hostname="LM0001728" name="test_cases.get_t01" tests="1" failures="0" timestamp="2020-11-11T00:29:31 IST" time="3.391" errors="0">
  <testcase name="get_test1" time="3.391" classname="test_cases.get_t01"/>
  <system-out/>
</testsuite> <!-- test_cases.get_t01 -->
